{"D:\\Projects\\Company Data\\Microverse\\Module 2\\Project\\todo-list\\src\\components\\add-val.js": {"path":"D:\\Projects\\Company Data\\Microverse\\Module 2\\Project\\todo-list\\src\\components\\add-val.js","statementMap":{"0":{"start":{"line":1,"column":15},"end":{"line":21,"column":1}},"1":{"start":{"line":2,"column":14},"end":{"line":2,"column":16}},"2":{"start":{"line":3,"column":2},"end":{"line":7,"column":3}},"3":{"start":{"line":4,"column":4},"end":{"line":4,"column":58}},"4":{"start":{"line":6,"column":4},"end":{"line":6,"column":43}},"5":{"start":{"line":8,"column":2},"end":{"line":8,"column":38}},"6":{"start":{"line":9,"column":19},"end":{"line":9,"column":35}},"7":{"start":{"line":10,"column":18},"end":{"line":14,"column":3}},"8":{"start":{"line":16,"column":2},"end":{"line":19,"column":3}},"9":{"start":{"line":17,"column":4},"end":{"line":17,"column":24}},"10":{"start":{"line":18,"column":4},"end":{"line":18,"column":61}},"11":{"start":{"line":20,"column":2},"end":{"line":20,"column":17}}},"fnMap":{"0":{"name":"(anonymous_0)","decl":{"start":{"line":1,"column":15},"end":{"line":1,"column":16}},"loc":{"start":{"line":1,"column":24},"end":{"line":21,"column":1}},"line":1}},"branchMap":{"0":{"loc":{"start":{"line":8,"column":10},"end":{"line":8,"column":37}},"type":"cond-expr","locations":[{"start":{"line":8,"column":27},"end":{"line":8,"column":29}},{"start":{"line":8,"column":32},"end":{"line":8,"column":37}}],"line":8},"1":{"loc":{"start":{"line":16,"column":2},"end":{"line":19,"column":3}},"type":"if","locations":[{"start":{"line":16,"column":2},"end":{"line":19,"column":3}},{"start":{},"end":{}}],"line":16},"2":{"loc":{"start":{"line":16,"column":6},"end":{"line":16,"column":31}},"type":"binary-expr","locations":[{"start":{"line":16,"column":6},"end":{"line":16,"column":16}},{"start":{"line":16,"column":20},"end":{"line":16,"column":31}}],"line":16}},"s":{"0":1,"1":1,"2":1,"3":1,"4":0,"5":1,"6":1,"7":1,"8":1,"9":1,"10":1,"11":1},"f":{"0":1},"b":{"0":[1,0],"1":[1,0],"2":[1,1]},"_coverageSchema":"1a1c01bbd47fc00a2c39e90264f33305004495a9","hash":"4ad9074df131e18ced6269b8944f2bc9b4040609"}
,"D:\\Projects\\Company Data\\Microverse\\Module 2\\Project\\todo-list\\src\\components\\append-li.js": {"path":"D:\\Projects\\Company Data\\Microverse\\Module 2\\Project\\todo-list\\src\\components\\append-li.js","statementMap":{"0":{"start":{"line":1,"column":19},"end":{"line":35,"column":1}},"1":{"start":{"line":2,"column":20},"end":{"line":2,"column":56}},"2":{"start":{"line":3,"column":18},"end":{"line":3,"column":46}},"3":{"start":{"line":4,"column":2},"end":{"line":4,"column":34}},"4":{"start":{"line":5,"column":2},"end":{"line":5,"column":34}},"5":{"start":{"line":7,"column":16},"end":{"line":7,"column":47}},"6":{"start":{"line":8,"column":2},"end":{"line":8,"column":35}},"7":{"start":{"line":9,"column":2},"end":{"line":9,"column":33}},"8":{"start":{"line":11,"column":19},"end":{"line":11,"column":50}},"9":{"start":{"line":12,"column":2},"end":{"line":12,"column":29}},"10":{"start":{"line":13,"column":2},"end":{"line":13,"column":39}},"11":{"start":{"line":14,"column":2},"end":{"line":14,"column":41}},"12":{"start":{"line":15,"column":2},"end":{"line":15,"column":36}},"13":{"start":{"line":17,"column":2},"end":{"line":17,"column":32}},"14":{"start":{"line":19,"column":18},"end":{"line":19,"column":46}},"15":{"start":{"line":20,"column":2},"end":{"line":20,"column":39}},"16":{"start":{"line":21,"column":2},"end":{"line":21,"column":46}},"17":{"start":{"line":22,"column":2},"end":{"line":22,"column":74}},"18":{"start":{"line":23,"column":2},"end":{"line":23,"column":29}},"19":{"start":{"line":24,"column":2},"end":{"line":24,"column":29}},"20":{"start":{"line":26,"column":18},"end":{"line":26,"column":45}},"21":{"start":{"line":27,"column":2},"end":{"line":27,"column":38}},"22":{"start":{"line":28,"column":2},"end":{"line":28,"column":53}},"23":{"start":{"line":29,"column":2},"end":{"line":29,"column":26}},"24":{"start":{"line":31,"column":2},"end":{"line":31,"column":31}},"25":{"start":{"line":32,"column":2},"end":{"line":32,"column":33}},"26":{"start":{"line":34,"column":2},"end":{"line":34,"column":36}}},"fnMap":{"0":{"name":"(anonymous_0)","decl":{"start":{"line":1,"column":19},"end":{"line":1,"column":20}},"loc":{"start":{"line":1,"column":29},"end":{"line":35,"column":1}},"line":1}},"branchMap":{"0":{"loc":{"start":{"line":22,"column":33},"end":{"line":22,"column":73}},"type":"cond-expr","locations":[{"start":{"line":22,"column":50},"end":{"line":22,"column":64}},{"start":{"line":22,"column":67},"end":{"line":22,"column":73}}],"line":22}},"s":{"0":1,"1":1,"2":1,"3":1,"4":1,"5":1,"6":1,"7":1,"8":1,"9":1,"10":1,"11":1,"12":1,"13":1,"14":1,"15":1,"16":1,"17":1,"18":1,"19":1,"20":1,"21":1,"22":1,"23":1,"24":1,"25":1,"26":1},"f":{"0":1},"b":{"0":[0,1]},"_coverageSchema":"1a1c01bbd47fc00a2c39e90264f33305004495a9","hash":"da0c49bb68cef8126b38ade3e70e51616cb19197"}
,"D:\\Projects\\Company Data\\Microverse\\Module 2\\Project\\todo-list\\src\\components\\delete-val.js": {"path":"D:\\Projects\\Company Data\\Microverse\\Module 2\\Project\\todo-list\\src\\components\\delete-val.js","statementMap":{"0":{"start":{"line":1,"column":17},"end":{"line":14,"column":1}},"1":{"start":{"line":2,"column":21},"end":{"line":2,"column":23}},"2":{"start":{"line":3,"column":2},"end":{"line":7,"column":3}},"3":{"start":{"line":4,"column":4},"end":{"line":4,"column":65}},"4":{"start":{"line":6,"column":4},"end":{"line":6,"column":43}},"5":{"start":{"line":8,"column":2},"end":{"line":8,"column":66}},"6":{"start":{"line":8,"column":51},"end":{"line":8,"column":64}},"7":{"start":{"line":9,"column":2},"end":{"line":11,"column":5}},"8":{"start":{"line":10,"column":4},"end":{"line":10,"column":28}},"9":{"start":{"line":12,"column":2},"end":{"line":12,"column":66}},"10":{"start":{"line":13,"column":2},"end":{"line":13,"column":14}}},"fnMap":{"0":{"name":"(anonymous_0)","decl":{"start":{"line":1,"column":17},"end":{"line":1,"column":18}},"loc":{"start":{"line":1,"column":25},"end":{"line":14,"column":1}},"line":1},"1":{"name":"(anonymous_1)","decl":{"start":{"line":8,"column":37},"end":{"line":8,"column":38}},"loc":{"start":{"line":8,"column":51},"end":{"line":8,"column":64}},"line":8},"2":{"name":"(anonymous_2)","decl":{"start":{"line":9,"column":23},"end":{"line":9,"column":24}},"loc":{"start":{"line":9,"column":41},"end":{"line":11,"column":3}},"line":9}},"branchMap":{},"s":{"0":1,"1":0,"2":0,"3":0,"4":0,"5":0,"6":0,"7":0,"8":0,"9":0,"10":0},"f":{"0":0,"1":0,"2":0},"b":{},"_coverageSchema":"1a1c01bbd47fc00a2c39e90264f33305004495a9","hash":"62b0ae51ee08ae18259267d27a81a9f4f5393b88"}
}
